<?xml version="1.0" encoding="UTF-8"?>
<testng-results skipped="0" failed="1" ignored="0" total="7" passed="6">
  <reporter-output>
  </reporter-output>
  <suite name="Suite" duration-ms="79" started-at="2019-09-30T23:50:05 CDT" finished-at="2019-09-30T23:50:05 CDT">
    <groups>
    </groups>
    <test name="Test" duration-ms="79" started-at="2019-09-30T23:50:05 CDT" finished-at="2019-09-30T23:50:05 CDT">
      <class name="demo.Test1">
        <test-method status="PASS" signature="additionV()[pri:0, instance:demo.Test1@52a86356]" name="additionV" duration-ms="11" started-at="2019-09-30T23:50:05 CDT" finished-at="2019-09-30T23:50:05 CDT">
          <reporter-output>
          </reporter-output>
        </test-method> <!-- additionV -->
        <test-method status="PASS" signature="details(java.lang.String, java.lang.String)[pri:0, instance:demo.Test1@52a86356]" name="details" duration-ms="1" started-at="2019-09-30T23:50:05 CDT" data-provider="getData" finished-at="2019-09-30T23:50:05 CDT">
          <params>
            <param index="0">
              <value>
                <![CDATA[FirstName]]>
              </value>
            </param>
            <param index="1">
              <value>
                <![CDATA[Last Name]]>
              </value>
            </param>
          </params>
          <reporter-output>
          </reporter-output>
        </test-method> <!-- details -->
        <test-method status="PASS" signature="details(java.lang.String, java.lang.String)[pri:0, instance:demo.Test1@52a86356]" name="details" duration-ms="1" started-at="2019-09-30T23:50:05 CDT" data-provider="getData" finished-at="2019-09-30T23:50:05 CDT">
          <params>
            <param index="0">
              <value>
                <![CDATA[2nd First name]]>
              </value>
            </param>
            <param index="1">
              <value>
                <![CDATA[2nd Last name]]>
              </value>
            </param>
          </params>
          <reporter-output>
          </reporter-output>
        </test-method> <!-- details -->
        <test-method status="PASS" signature="details(java.lang.String, java.lang.String)[pri:0, instance:demo.Test1@52a86356]" name="details" duration-ms="1" started-at="2019-09-30T23:50:05 CDT" data-provider="getData" finished-at="2019-09-30T23:50:05 CDT">
          <params>
            <param index="0">
              <value>
                <![CDATA[3rd first name]]>
              </value>
            </param>
            <param index="1">
              <value>
                <![CDATA[3rd Last Name]]>
              </value>
            </param>
          </params>
          <reporter-output>
          </reporter-output>
        </test-method> <!-- details -->
        <test-method status="PASS" signature="rev(java.lang.String)[pri:0, instance:demo.Test1@52a86356]" name="rev" duration-ms="2" started-at="2019-09-30T23:50:05 CDT" finished-at="2019-09-30T23:50:05 CDT">
          <params>
            <param index="0">
              <value>
                <![CDATA[Triangle]]>
              </value>
            </param>
          </params>
          <reporter-output>
          </reporter-output>
        </test-method> <!-- rev -->
        <test-method status="PASS" signature="testCase1()[pri:0, instance:demo.Test1@52a86356]" name="testCase1" duration-ms="1" started-at="2019-09-30T23:50:05 CDT" finished-at="2019-09-30T23:50:05 CDT">
          <reporter-output>
          </reporter-output>
        </test-method> <!-- testCase1 -->
        <test-method status="FAIL" signature="testCase2()[pri:0, instance:demo.Test1@52a86356]" name="testCase2" duration-ms="5" started-at="2019-09-30T23:50:05 CDT" finished-at="2019-09-30T23:50:05 CDT">
          <exception class="java.lang.AssertionError">
            <message>
              <![CDATA[expected [7] but found [9]]]>
            </message>
            <full-stacktrace>
              <![CDATA[java.lang.AssertionError: expected [7] but found [9]
at org.testng.Assert.fail(Assert.java:97)
at org.testng.Assert.assertEqualsImpl(Assert.java:136)
at org.testng.Assert.assertEquals(Assert.java:118)
at org.testng.Assert.assertEquals(Assert.java:563)
at demo.Test1.testCase2(Test1.java:25)
at sun.reflect.NativeMethodAccessorImpl.invoke0(Native Method)
at sun.reflect.NativeMethodAccessorImpl.invoke(Unknown Source)
at sun.reflect.DelegatingMethodAccessorImpl.invoke(Unknown Source)
at java.lang.reflect.Method.invoke(Unknown Source)
at org.testng.internal.MethodInvocationHelper.invokeMethod(MethodInvocationHelper.java:133)
at org.testng.internal.TestInvoker.invokeMethod(TestInvoker.java:584)
at org.testng.internal.TestInvoker.invokeTestMethod(TestInvoker.java:172)
at org.testng.internal.MethodRunner.runInSequence(MethodRunner.java:46)
at org.testng.internal.TestInvoker$MethodInvocationAgent.invoke(TestInvoker.java:804)
at org.testng.internal.TestInvoker.invokeTestMethods(TestInvoker.java:145)
at org.testng.internal.TestMethodWorker.invokeTestMethods(TestMethodWorker.java:146)
at org.testng.internal.TestMethodWorker.run(TestMethodWorker.java:128)
at java.util.ArrayList.forEach(Unknown Source)
at org.testng.TestRunner.privateRun(TestRunner.java:770)
at org.testng.TestRunner.run(TestRunner.java:591)
at org.testng.SuiteRunner.runTest(SuiteRunner.java:402)
at org.testng.SuiteRunner.runSequentially(SuiteRunner.java:396)
at org.testng.SuiteRunner.privateRun(SuiteRunner.java:355)
at org.testng.SuiteRunner.run(SuiteRunner.java:304)
at org.testng.SuiteRunnerWorker.runSuite(SuiteRunnerWorker.java:53)
at org.testng.SuiteRunnerWorker.run(SuiteRunnerWorker.java:96)
at org.testng.TestNG.runSuitesSequentially(TestNG.java:1180)
at org.testng.TestNG.runSuitesLocally(TestNG.java:1102)
at org.testng.TestNG.runSuites(TestNG.java:1032)
at org.testng.TestNG.run(TestNG.java:1000)
at org.testng.remote.AbstractRemoteTestNG.run(AbstractRemoteTestNG.java:115)
at org.testng.remote.RemoteTestNG.initAndRun(RemoteTestNG.java:251)
at org.testng.remote.RemoteTestNG.main(RemoteTestNG.java:77)
]]>
            </full-stacktrace>
          </exception> <!-- java.lang.AssertionError -->
          <reporter-output>
          </reporter-output>
        </test-method> <!-- testCase2 -->
      </class> <!-- demo.Test1 -->
    </test> <!-- Test -->
  </suite> <!-- Suite -->
</testng-results>
