<?xml version="1.0" encoding="UTF-8"?>
<!-- Generated by org.testng.reporters.JUnitXMLReporter -->
<testsuite hostname="DESKTOP-812TJVQ" ignored="4" name="Test" tests="1" failures="1" timestamp="2019-09-30T22:08:49 CDT" time="0.034" errors="0">
  <testcase name="fifthTestCase" time="0.0" classname="basePakage.TestCaseClass">
    <failure type="org.testng.TestNGException" message="
Parameter &amp;apos;AndroidDriver&amp;lt;AndroidElement&amp;gt;&amp;apos; is required by @Test on method fifthTestCase but has not been marked @Optional or defined
in C:\Users\gajre\eclipse-workspace\Ecommerce_App_Testing\testng.xml">
      <![CDATA[org.testng.TestNGException: 
Parameter 'AndroidDriver<AndroidElement>' is required by @Test on method fifthTestCase but has not been marked @Optional or defined
in C:\Users\gajre\eclipse-workspace\Ecommerce_App_Testing\testng.xml
at java.util.ArrayList.forEach(Unknown Source)
... Removed 26 stack frames]]>
    </failure>
  </testcase> <!-- fifthTestCase -->
  <testcase name="firstTestCase" time="0.0" classname="basePakage.TestCaseClass">
    <ignored/>
  </testcase> <!-- firstTestCase -->
  <testcase name="secondTestCase" time="0.0" classname="basePakage.TestCaseClass">
    <ignored/>
  </testcase> <!-- secondTestCase -->
  <testcase name="ThirdTestCase" time="0.0" classname="basePakage.TestCaseClass">
    <ignored/>
  </testcase> <!-- ThirdTestCase -->
  <testcase name="fourthTestCase" time="0.0" classname="basePakage.TestCaseClass">
    <ignored/>
  </testcase> <!-- fourthTestCase -->
</testsuite> <!-- Test -->
